#-----------------------------------------------------------
# Vivado v2019.1 (64-bit)
# SW Build 2552052 on Fri May 24 14:49:42 MDT 2019
# IP Build 2548770 on Fri May 24 18:01:18 MDT 2019
# Start of session at: Thu May 22 13:27:40 2025
# Process ID: 25612
# Current directory: C:/Users/Oscar/Desktop/TallerDigitales/Lab2/Eje5/LFSR
# Command line: vivado.exe -gui_launcher_event rodinguilauncherevent33452 C:\Users\Oscar\Desktop\TallerDigitales\Lab2\Eje5\LFSR\LFSR.xpr
# Log file: C:/Users/Oscar/Desktop/TallerDigitales/Lab2/Eje5/LFSR/vivado.log
# Journal file: C:/Users/Oscar/Desktop/TallerDigitales/Lab2/Eje5/LFSR\vivado.jou
#-----------------------------------------------------------
start_gui
open_project C:/Users/Oscar/Desktop/TallerDigitales/Lab2/Eje5/LFSR/LFSR.xpr
CRITICAL WARNING: [Project 1-19] Could not find the file 'C:/Users/Oscar/Desktop/U/Digitales/Lab2/Eje5/lfsr/LFSR.sv'.
CRITICAL WARNING: [Project 1-19] Could not find the file 'C:/Users/Oscar/Desktop/U/Digitales/Lab2/Eje5/lfsr/LFSR_TB.sv'.
Scanning sources...
Finished scanning sources
INFO: [IP_Flow 19-234] Refreshing IP repositories
INFO: [IP_Flow 19-1704] No user IP repositories specified
INFO: [IP_Flow 19-2313] Loaded Vivado IP repository 'C:/Xilinx/Vivado/2019.1/data/ip'.
open_project: Time (s): cpu = 00:00:07 ; elapsed = 00:00:05 . Memory (MB): peak = 733.945 ; gain = 115.637
update_compile_order -fileset sources_1
exit
INFO: [Common 17-206] Exiting Vivado at Thu May 22 13:28:43 2025...
