#-----------------------------------------------------------
# Vivado v2019.1 (64-bit)
# SW Build 2552052 on Fri May 24 14:49:42 MDT 2019
# IP Build 2548770 on Fri May 24 18:01:18 MDT 2019
# Start of session at: Thu May 22 13:24:02 2025
# Process ID: 29664
# Current directory: C:/Users/Oscar/Desktop/TallerDigitales/Lab2/Eje5/LFSR
# Command line: vivado.exe -gui_launcher_event rodinguilauncherevent6752 C:\Users\Oscar\Desktop\TallerDigitales\Lab2\Eje5\LFSR\LFSR.xpr
# Log file: C:/Users/Oscar/Desktop/TallerDigitales/Lab2/Eje5/LFSR/vivado.log
# Journal file: C:/Users/Oscar/Desktop/TallerDigitales/Lab2/Eje5/LFSR\vivado.jou
#-----------------------------------------------------------
start_gui
open_project C:/Users/Oscar/Desktop/TallerDigitales/Lab2/Eje5/LFSR/LFSR.xpr
INFO: [Project 1-313] Project file moved from 'C:/Users/XPC/Desktop/TallerDigitales/Lab2/Eje5/LFSR' since last save.
CRITICAL WARNING: [Project 1-311] Could not find the file 'C:/Users/Oscar/Desktop/U/Digitales/Lab2/Eje5/lfsr/LFSR.sv', nor could it be found using path 'C:/Users/XPC/Desktop/U/Digitales/Lab2/Eje5/lfsr/LFSR.sv'.
CRITICAL WARNING: [Project 1-311] Could not find the file 'C:/Users/Oscar/Desktop/U/Digitales/Lab2/Eje5/lfsr/LFSR_TB.sv', nor could it be found using path 'C:/Users/XPC/Desktop/U/Digitales/Lab2/Eje5/lfsr/LFSR_TB.sv'.
Scanning sources...
Finished scanning sources
INFO: [IP_Flow 19-234] Refreshing IP repositories
INFO: [IP_Flow 19-1704] No user IP repositories specified
INFO: [IP_Flow 19-2313] Loaded Vivado IP repository 'C:/Xilinx/Vivado/2019.1/data/ip'.
open_project: Time (s): cpu = 00:00:09 ; elapsed = 00:00:09 . Memory (MB): peak = 717.977 ; gain = 110.574
update_compile_order -fileset sources_1
exit
INFO: [Common 17-206] Exiting Vivado at Thu May 22 13:26:08 2025...
