
*** Running vivado
    with args -log cpu.vds -m64 -product Vivado -mode batch -messageDb vivado.pb -notrace -source cpu.tcl


****** Vivado v2019.1 (64-bit)
  **** SW Build 2552052 on Fri May 24 14:49:42 MDT 2019
  **** IP Build 2548770 on Fri May 24 18:01:18 MDT 2019
    ** Copyright 1986-2019 Xilinx, Inc. All Rights Reserved.

source cpu.tcl -notrace
Command: synth_design -top cpu -part xc7a35tcpg236-1
Starting synth_design
Attempting to get a license for feature 'Synthesis' and/or device 'xc7a35t'
INFO: [Common 17-349] Got license for feature 'Synthesis' and/or device 'xc7a35t'
INFO: Launching helper process for spawning children vivado processes
INFO: Helper process launched with PID 24360 
---------------------------------------------------------------------------------
Starting Synthesize : Time (s): cpu = 00:00:02 ; elapsed = 00:00:02 . Memory (MB): peak = 470.898 ; gain = 170.566
---------------------------------------------------------------------------------
INFO: [Synth 8-6157] synthesizing module 'cpu' [C:/Users/XPC/Desktop/TallerDigitales/Lab4/cpu2/cpu.sv:2]
INFO: [Synth 8-6157] synthesizing module 'Program_Counter' [C:/Users/XPC/Desktop/TallerDigitales/Lab4/cpu2/Program_Counter.sv:3]
INFO: [Synth 8-6155] done synthesizing module 'Program_Counter' (1#1) [C:/Users/XPC/Desktop/TallerDigitales/Lab4/cpu2/Program_Counter.sv:3]
WARNING: [Synth 8-3848] Net Result in module/entity cpu does not have driver. [C:/Users/XPC/Desktop/TallerDigitales/Lab4/cpu2/cpu.sv:5]
WARNING: [Synth 8-3848] Net InstrF in module/entity cpu does not have driver. [C:/Users/XPC/Desktop/TallerDigitales/Lab4/cpu2/cpu.sv:6]
WARNING: [Synth 8-3848] Net PCNextF in module/entity cpu does not have driver. [C:/Users/XPC/Desktop/TallerDigitales/Lab4/cpu2/cpu.sv:8]
WARNING: [Synth 8-3848] Net PCPlus4 in module/entity cpu does not have driver. [C:/Users/XPC/Desktop/TallerDigitales/Lab4/cpu2/cpu.sv:9]
INFO: [Synth 8-6155] done synthesizing module 'cpu' (2#1) [C:/Users/XPC/Desktop/TallerDigitales/Lab4/cpu2/cpu.sv:2]
WARNING: [Synth 8-3331] design cpu has unconnected port Result[31]
WARNING: [Synth 8-3331] design cpu has unconnected port Result[30]
WARNING: [Synth 8-3331] design cpu has unconnected port Result[29]
WARNING: [Synth 8-3331] design cpu has unconnected port Result[28]
WARNING: [Synth 8-3331] design cpu has unconnected port Result[27]
WARNING: [Synth 8-3331] design cpu has unconnected port Result[26]
WARNING: [Synth 8-3331] design cpu has unconnected port Result[25]
WARNING: [Synth 8-3331] design cpu has unconnected port Result[24]
WARNING: [Synth 8-3331] design cpu has unconnected port Result[23]
WARNING: [Synth 8-3331] design cpu has unconnected port Result[22]
WARNING: [Synth 8-3331] design cpu has unconnected port Result[21]
WARNING: [Synth 8-3331] design cpu has unconnected port Result[20]
WARNING: [Synth 8-3331] design cpu has unconnected port Result[19]
WARNING: [Synth 8-3331] design cpu has unconnected port Result[18]
WARNING: [Synth 8-3331] design cpu has unconnected port Result[17]
WARNING: [Synth 8-3331] design cpu has unconnected port Result[16]
WARNING: [Synth 8-3331] design cpu has unconnected port Result[15]
WARNING: [Synth 8-3331] design cpu has unconnected port Result[14]
WARNING: [Synth 8-3331] design cpu has unconnected port Result[13]
WARNING: [Synth 8-3331] design cpu has unconnected port Result[12]
WARNING: [Synth 8-3331] design cpu has unconnected port Result[11]
WARNING: [Synth 8-3331] design cpu has unconnected port Result[10]
WARNING: [Synth 8-3331] design cpu has unconnected port Result[9]
WARNING: [Synth 8-3331] design cpu has unconnected port Result[8]
WARNING: [Synth 8-3331] design cpu has unconnected port Result[7]
WARNING: [Synth 8-3331] design cpu has unconnected port Result[6]
WARNING: [Synth 8-3331] design cpu has unconnected port Result[5]
WARNING: [Synth 8-3331] design cpu has unconnected port Result[4]
WARNING: [Synth 8-3331] design cpu has unconnected port Result[3]
WARNING: [Synth 8-3331] design cpu has unconnected port Result[2]
WARNING: [Synth 8-3331] design cpu has unconnected port Result[1]
WARNING: [Synth 8-3331] design cpu has unconnected port Result[0]
WARNING: [Synth 8-3331] design cpu has unconnected port InstrF[31]
WARNING: [Synth 8-3331] design cpu has unconnected port InstrF[30]
WARNING: [Synth 8-3331] design cpu has unconnected port InstrF[29]
WARNING: [Synth 8-3331] design cpu has unconnected port InstrF[28]
WARNING: [Synth 8-3331] design cpu has unconnected port InstrF[27]
WARNING: [Synth 8-3331] design cpu has unconnected port InstrF[26]
WARNING: [Synth 8-3331] design cpu has unconnected port InstrF[25]
WARNING: [Synth 8-3331] design cpu has unconnected port InstrF[24]
WARNING: [Synth 8-3331] design cpu has unconnected port InstrF[23]
WARNING: [Synth 8-3331] design cpu has unconnected port InstrF[22]
WARNING: [Synth 8-3331] design cpu has unconnected port InstrF[21]
WARNING: [Synth 8-3331] design cpu has unconnected port InstrF[20]
WARNING: [Synth 8-3331] design cpu has unconnected port InstrF[19]
WARNING: [Synth 8-3331] design cpu has unconnected port InstrF[18]
WARNING: [Synth 8-3331] design cpu has unconnected port InstrF[17]
WARNING: [Synth 8-3331] design cpu has unconnected port InstrF[16]
WARNING: [Synth 8-3331] design cpu has unconnected port InstrF[15]
WARNING: [Synth 8-3331] design cpu has unconnected port InstrF[14]
WARNING: [Synth 8-3331] design cpu has unconnected port InstrF[13]
WARNING: [Synth 8-3331] design cpu has unconnected port InstrF[12]
WARNING: [Synth 8-3331] design cpu has unconnected port InstrF[11]
WARNING: [Synth 8-3331] design cpu has unconnected port InstrF[10]
WARNING: [Synth 8-3331] design cpu has unconnected port InstrF[9]
WARNING: [Synth 8-3331] design cpu has unconnected port InstrF[8]
WARNING: [Synth 8-3331] design cpu has unconnected port InstrF[7]
WARNING: [Synth 8-3331] design cpu has unconnected port InstrF[6]
WARNING: [Synth 8-3331] design cpu has unconnected port InstrF[5]
WARNING: [Synth 8-3331] design cpu has unconnected port InstrF[4]
WARNING: [Synth 8-3331] design cpu has unconnected port InstrF[3]
WARNING: [Synth 8-3331] design cpu has unconnected port InstrF[2]
WARNING: [Synth 8-3331] design cpu has unconnected port InstrF[1]
WARNING: [Synth 8-3331] design cpu has unconnected port InstrF[0]
WARNING: [Synth 8-3331] design cpu has unconnected port PCNextF[31]
WARNING: [Synth 8-3331] design cpu has unconnected port PCNextF[30]
WARNING: [Synth 8-3331] design cpu has unconnected port PCNextF[29]
WARNING: [Synth 8-3331] design cpu has unconnected port PCNextF[28]
WARNING: [Synth 8-3331] design cpu has unconnected port PCNextF[27]
WARNING: [Synth 8-3331] design cpu has unconnected port PCNextF[26]
WARNING: [Synth 8-3331] design cpu has unconnected port PCNextF[25]
WARNING: [Synth 8-3331] design cpu has unconnected port PCNextF[24]
WARNING: [Synth 8-3331] design cpu has unconnected port PCNextF[23]
WARNING: [Synth 8-3331] design cpu has unconnected port PCNextF[22]
WARNING: [Synth 8-3331] design cpu has unconnected port PCNextF[21]
WARNING: [Synth 8-3331] design cpu has unconnected port PCNextF[20]
WARNING: [Synth 8-3331] design cpu has unconnected port PCNextF[19]
WARNING: [Synth 8-3331] design cpu has unconnected port PCNextF[18]
WARNING: [Synth 8-3331] design cpu has unconnected port PCNextF[17]
WARNING: [Synth 8-3331] design cpu has unconnected port PCNextF[16]
WARNING: [Synth 8-3331] design cpu has unconnected port PCNextF[15]
WARNING: [Synth 8-3331] design cpu has unconnected port PCNextF[14]
WARNING: [Synth 8-3331] design cpu has unconnected port PCNextF[13]
WARNING: [Synth 8-3331] design cpu has unconnected port PCNextF[12]
WARNING: [Synth 8-3331] design cpu has unconnected port PCNextF[11]
WARNING: [Synth 8-3331] design cpu has unconnected port PCNextF[10]
WARNING: [Synth 8-3331] design cpu has unconnected port PCNextF[9]
WARNING: [Synth 8-3331] design cpu has unconnected port PCNextF[8]
WARNING: [Synth 8-3331] design cpu has unconnected port PCNextF[7]
WARNING: [Synth 8-3331] design cpu has unconnected port PCNextF[6]
WARNING: [Synth 8-3331] design cpu has unconnected port PCNextF[5]
WARNING: [Synth 8-3331] design cpu has unconnected port PCNextF[4]
WARNING: [Synth 8-3331] design cpu has unconnected port PCNextF[3]
WARNING: [Synth 8-3331] design cpu has unconnected port PCNextF[2]
WARNING: [Synth 8-3331] design cpu has unconnected port PCNextF[1]
WARNING: [Synth 8-3331] design cpu has unconnected port PCNextF[0]
WARNING: [Synth 8-3331] design cpu has unconnected port PCPlus4[31]
WARNING: [Synth 8-3331] design cpu has unconnected port PCPlus4[30]
WARNING: [Synth 8-3331] design cpu has unconnected port PCPlus4[29]
WARNING: [Synth 8-3331] design cpu has unconnected port PCPlus4[28]
INFO: [Common 17-14] Message 'Synth 8-3331' appears 100 times and further instances of the messages will be disabled. Use the Tcl command set_msg_config to change the current settings.
---------------------------------------------------------------------------------
Finished Synthesize : Time (s): cpu = 00:00:03 ; elapsed = 00:00:03 . Memory (MB): peak = 534.191 ; gain = 233.859
---------------------------------------------------------------------------------
---------------------------------------------------------------------------------
Finished Constraint Validation : Time (s): cpu = 00:00:03 ; elapsed = 00:00:03 . Memory (MB): peak = 534.191 ; gain = 233.859
---------------------------------------------------------------------------------
---------------------------------------------------------------------------------
Start Loading Part and Timing Information
---------------------------------------------------------------------------------
Loading part: xc7a35tcpg236-1
---------------------------------------------------------------------------------
Finished Loading Part and Timing Information : Time (s): cpu = 00:00:03 ; elapsed = 00:00:03 . Memory (MB): peak = 534.191 ; gain = 233.859
---------------------------------------------------------------------------------
INFO: [Device 21-403] Loading part xc7a35tcpg236-1
---------------------------------------------------------------------------------
Finished RTL Optimization Phase 2 : Time (s): cpu = 00:00:03 ; elapsed = 00:00:03 . Memory (MB): peak = 534.191 ; gain = 233.859
---------------------------------------------------------------------------------

Report RTL Partitions: 
+-+--------------+------------+----------+
| |RTL Partition |Replication |Instances |
+-+--------------+------------+----------+
+-+--------------+------------+----------+
No constraint files found.
---------------------------------------------------------------------------------
Start RTL Component Statistics 
---------------------------------------------------------------------------------
Detailed RTL Component Info : 
+---Registers : 
	               32 Bit    Registers := 1     
+---Muxes : 
	   2 Input     32 Bit        Muxes := 1     
---------------------------------------------------------------------------------
Finished RTL Component Statistics 
---------------------------------------------------------------------------------
---------------------------------------------------------------------------------
Start RTL Hierarchical Component Statistics 
---------------------------------------------------------------------------------
Hierarchical RTL Component report 
Module Program_Counter 
Detailed RTL Component Info : 
+---Registers : 
	               32 Bit    Registers := 1     
+---Muxes : 
	   2 Input     32 Bit        Muxes := 1     
---------------------------------------------------------------------------------
Finished RTL Hierarchical Component Statistics
---------------------------------------------------------------------------------
---------------------------------------------------------------------------------
Start Part Resource Summary
---------------------------------------------------------------------------------
Part Resources:
DSPs: 90 (col length:60)
BRAMs: 100 (col length: RAMB18 60 RAMB36 30)
---------------------------------------------------------------------------------
Finished Part Resource Summary
---------------------------------------------------------------------------------
No constraint files found.
---------------------------------------------------------------------------------
Start Cross Boundary and Area Optimization
---------------------------------------------------------------------------------
Warning: Parallel synthesis criteria is not met 
---------------------------------------------------------------------------------
Finished Cross Boundary and Area Optimization : Time (s): cpu = 00:00:05 ; elapsed = 00:00:05 . Memory (MB): peak = 672.535 ; gain = 372.203
---------------------------------------------------------------------------------

Report RTL Partitions: 
+-+--------------+------------+----------+
| |RTL Partition |Replication |Instances |
+-+--------------+------------+----------+
+-+--------------+------------+----------+
No constraint files found.
---------------------------------------------------------------------------------
Start Timing Optimization
---------------------------------------------------------------------------------
---------------------------------------------------------------------------------
Finished Timing Optimization : Time (s): cpu = 00:00:05 ; elapsed = 00:00:05 . Memory (MB): peak = 672.535 ; gain = 372.203
---------------------------------------------------------------------------------

Report RTL Partitions: 
+-+--------------+------------+----------+
| |RTL Partition |Replication |Instances |
+-+--------------+------------+----------+
+-+--------------+------------+----------+
---------------------------------------------------------------------------------
Start Technology Mapping
---------------------------------------------------------------------------------
---------------------------------------------------------------------------------
Finished Technology Mapping : Time (s): cpu = 00:00:05 ; elapsed = 00:00:05 . Memory (MB): peak = 672.535 ; gain = 372.203
---------------------------------------------------------------------------------

Report RTL Partitions: 
+-+--------------+------------+----------+
| |RTL Partition |Replication |Instances |
+-+--------------+------------+----------+
+-+--------------+------------+----------+
---------------------------------------------------------------------------------
Start IO Insertion
---------------------------------------------------------------------------------
---------------------------------------------------------------------------------
Start Flattening Before IO Insertion
---------------------------------------------------------------------------------
---------------------------------------------------------------------------------
Finished Flattening Before IO Insertion
---------------------------------------------------------------------------------
---------------------------------------------------------------------------------
Start Final Netlist Cleanup
---------------------------------------------------------------------------------
---------------------------------------------------------------------------------
Finished Final Netlist Cleanup
---------------------------------------------------------------------------------
---------------------------------------------------------------------------------
Finished IO Insertion : Time (s): cpu = 00:00:06 ; elapsed = 00:00:06 . Memory (MB): peak = 673.445 ; gain = 373.113
---------------------------------------------------------------------------------

Report Check Netlist: 
+------+------------------+-------+---------+-------+------------------+
|      |Item              |Errors |Warnings |Status |Description       |
+------+------------------+-------+---------+-------+------------------+
|1     |multi_driven_nets |      0|        0|Passed |Multi driven nets |
+------+------------------+-------+---------+-------+------------------+
---------------------------------------------------------------------------------
Start Renaming Generated Instances
---------------------------------------------------------------------------------
---------------------------------------------------------------------------------
Finished Renaming Generated Instances : Time (s): cpu = 00:00:06 ; elapsed = 00:00:06 . Memory (MB): peak = 673.445 ; gain = 373.113
---------------------------------------------------------------------------------

Report RTL Partitions: 
+-+--------------+------------+----------+
| |RTL Partition |Replication |Instances |
+-+--------------+------------+----------+
+-+--------------+------------+----------+
---------------------------------------------------------------------------------
Start Rebuilding User Hierarchy
---------------------------------------------------------------------------------
---------------------------------------------------------------------------------
Finished Rebuilding User Hierarchy : Time (s): cpu = 00:00:06 ; elapsed = 00:00:06 . Memory (MB): peak = 673.445 ; gain = 373.113
---------------------------------------------------------------------------------
---------------------------------------------------------------------------------
Start Renaming Generated Ports
---------------------------------------------------------------------------------
---------------------------------------------------------------------------------
Finished Renaming Generated Ports : Time (s): cpu = 00:00:06 ; elapsed = 00:00:06 . Memory (MB): peak = 673.445 ; gain = 373.113
---------------------------------------------------------------------------------
---------------------------------------------------------------------------------
Start Handling Custom Attributes
---------------------------------------------------------------------------------
---------------------------------------------------------------------------------
Finished Handling Custom Attributes : Time (s): cpu = 00:00:06 ; elapsed = 00:00:06 . Memory (MB): peak = 673.445 ; gain = 373.113
---------------------------------------------------------------------------------
---------------------------------------------------------------------------------
Start Renaming Generated Nets
---------------------------------------------------------------------------------
---------------------------------------------------------------------------------
Finished Renaming Generated Nets : Time (s): cpu = 00:00:06 ; elapsed = 00:00:06 . Memory (MB): peak = 673.445 ; gain = 373.113
---------------------------------------------------------------------------------
---------------------------------------------------------------------------------
Start Writing Synthesis Report
---------------------------------------------------------------------------------

Report BlackBoxes: 
+-+--------------+----------+
| |BlackBox name |Instances |
+-+--------------+----------+
+-+--------------+----------+

Report Cell Usage: 
+------+------+------+
|      |Cell  |Count |
+------+------+------+
|1     |BUFG  |     1|
|2     |LUT2  |     1|
|3     |FDRE  |    32|
|4     |IBUF  |    34|
|5     |OBUF  |    32|
|6     |OBUFT |   128|
+------+------+------+

Report Instance Areas: 
+------+---------+----------------+------+
|      |Instance |Module          |Cells |
+------+---------+----------------+------+
|1     |top      |                |   228|
|2     |  pc     |Program_Counter |    33|
+------+---------+----------------+------+
---------------------------------------------------------------------------------
Finished Writing Synthesis Report : Time (s): cpu = 00:00:06 ; elapsed = 00:00:06 . Memory (MB): peak = 673.445 ; gain = 373.113
---------------------------------------------------------------------------------
Synthesis finished with 0 errors, 0 critical warnings and 260 warnings.
Synthesis Optimization Runtime : Time (s): cpu = 00:00:06 ; elapsed = 00:00:06 . Memory (MB): peak = 673.445 ; gain = 373.113
Synthesis Optimization Complete : Time (s): cpu = 00:00:06 ; elapsed = 00:00:06 . Memory (MB): peak = 673.445 ; gain = 373.113
INFO: [Project 1-571] Translating synthesized netlist
INFO: [Project 1-570] Preparing netlist for logic optimization
INFO: [Opt 31-138] Pushed 0 inverter(s) to 0 load pin(s).
Netlist sorting complete. Time (s): cpu = 00:00:00 ; elapsed = 00:00:00 . Memory (MB): peak = 787.062 ; gain = 0.000
INFO: [Project 1-111] Unisim Transformation Summary:
No Unisim elements were transformed.

INFO: [Common 17-83] Releasing license: Synthesis
12 Infos, 104 Warnings, 0 Critical Warnings and 0 Errors encountered.
synth_design completed successfully
synth_design: Time (s): cpu = 00:00:07 ; elapsed = 00:00:10 . Memory (MB): peak = 787.062 ; gain = 486.730
Netlist sorting complete. Time (s): cpu = 00:00:00 ; elapsed = 00:00:00 . Memory (MB): peak = 787.062 ; gain = 0.000
WARNING: [Constraints 18-5210] No constraints selected for write.
Resolution: This message can indicate that there are no constraints for the design, or it can indicate that the used_in flags are set such that the constraints are ignored. This later case is used when running synth_design to not write synthesis constraints to the resulting checkpoint. Instead, project constraints are read when the synthesized design is opened.
INFO: [Common 17-1381] The checkpoint 'C:/Users/XPC/Desktop/TallerDigitales/Lab4/cpu2/pipeline/pipeline.runs/synth_1/cpu.dcp' has been generated.
INFO: [runtcl-4] Executing : report_utilization -file cpu_utilization_synth.rpt -pb cpu_utilization_synth.pb
INFO: [Common 17-206] Exiting Vivado at Fri Jun 27 13:30:02 2025...
