Vivado Simulator 2019.1
Time resolution is 1 ps
               20000: 00000000
               40000: 00000000
               60000: 00000000
               80000: 00000000
              100000: 00000000
              120000: 00000000
              140000: 00000000
              160000: 00000000
              180000: 00000000
              200000: 00000000
              220000: 00000000
              240000: 00000000
              260000: 00000000
              280000: 00000000
              300000: 00000000
              320000: 00000000
              340000: 00000000
              360000: 00000000
              380000: 00000000
              400000: 00000000
              420000: 00000000
              440000: 00000000
              460000: 00000000
              480000: 00000000
              500000: 00000000
              520000: 00000000
              540000: 00000000
              560000: 00000000
              580000: 00000000
              600000: 00000000
              620000: 00000000
$finish called at time : 640 ns : File "C:/Users/XPC/Desktop/TallerDigitales/Lab4/cpu2/cpu_tb.sv" Line 55
