#-----------------------------------------------------------
# Vivado v2019.1 (64-bit)
# SW Build 2552052 on Fri May 24 14:49:42 MDT 2019
# IP Build 2548770 on Fri May 24 18:01:18 MDT 2019
# Start of session at: Fri May 30 12:07:43 2025
# Process ID: 32584
# Current directory: C:/Users/XPC/Desktop/TallerDigitales/Lab2/Eje5/Eje5
# Command line: vivado.exe -gui_launcher_event rodinguilauncherevent30172 C:\Users\XPC\Desktop\TallerDigitales\Lab2\Eje5\Eje5\Eje5.xpr
# Log file: C:/Users/XPC/Desktop/TallerDigitales/Lab2/Eje5/Eje5/vivado.log
# Journal file: C:/Users/XPC/Desktop/TallerDigitales/Lab2/Eje5/Eje5\vivado.jou
#-----------------------------------------------------------
start_gui
open_project C:/Users/XPC/Desktop/TallerDigitales/Lab2/Eje5/Eje5/Eje5.xpr
INFO: [Project 1-313] Project file moved from 'C:/Users/Oscar/Desktop/TallerDigitales/Lab2/Eje5/Eje5' since last save.
Scanning sources...
Finished scanning sources
INFO: [IP_Flow 19-234] Refreshing IP repositories
INFO: [IP_Flow 19-1704] No user IP repositories specified
INFO: [IP_Flow 19-2313] Loaded Vivado IP repository 'E:/Vivado/Vivado/2019.1/data/ip'.
update_compile_order -fileset sources_1
update_compile_order -fileset sim_1
update_compile_order -fileset sources_1
update_compile_order -fileset sources_1
update_compile_order -fileset sim_1
exit
INFO: [Common 17-206] Exiting Vivado at Fri May 30 12:10:11 2025...
