#-----------------------------------------------------------
# Vivado v2019.1 (64-bit)
# SW Build 2552052 on Fri May 24 14:49:42 MDT 2019
# IP Build 2548770 on Fri May 24 18:01:18 MDT 2019
# Start of session at: Sun May 18 13:38:49 2025
# Process ID: 29196
# Current directory: C:/Users/XPC/Desktop/TallerDigitales/Lab2/Eje5/Eje5
# Command line: vivado.exe -gui_launcher_event rodinguilauncherevent30584 C:\Users\XPC\Desktop\TallerDigitales\Lab2\Eje5\Eje5\Eje5.xpr
# Log file: C:/Users/XPC/Desktop/TallerDigitales/Lab2/Eje5/Eje5/vivado.log
# Journal file: C:/Users/XPC/Desktop/TallerDigitales/Lab2/Eje5/Eje5\vivado.jou
#-----------------------------------------------------------
start_gui
open_project C:/Users/XPC/Desktop/TallerDigitales/Lab2/Eje5/Eje5/Eje5.xpr
Scanning sources...
Finished scanning sources
INFO: [IP_Flow 19-234] Refreshing IP repositories
INFO: [IP_Flow 19-1704] No user IP repositories specified
INFO: [IP_Flow 19-2313] Loaded Vivado IP repository 'E:/Vivado/Vivado/2019.1/data/ip'.
update_compile_order -fileset sources_1
launch_simulation
INFO: [Vivado 12-5682] Launching behavioral simulation in 'C:/Users/XPC/Desktop/TallerDigitales/Lab2/Eje5/Eje5/Eje5.sim/sim_1/behav/xsim'
INFO: [SIM-utils-51] Simulation object is 'sim_1'
INFO: [SIM-utils-54] Inspecting design source files for 'Top_TB' in fileset 'sim_1'...
INFO: [USF-XSim-97] Finding global include files...
INFO: [USF-XSim-98] Fetching design files from 'sim_1'...
INFO: [USF-XSim-2] XSim::Compile design
INFO: [USF-XSim-61] Executing 'COMPILE and ANALYZE' step in 'C:/Users/XPC/Desktop/TallerDigitales/Lab2/Eje5/Eje5/Eje5.sim/sim_1/behav/xsim'
"xvlog --incr --relax -prj Top_TB_vlog.prj"
INFO: [VRFC 10-2263] Analyzing SystemVerilog file "C:/Users/XPC/Desktop/TallerDigitales/Lab2/Eje5/ALU.sv" into library xil_defaultlib
INFO: [VRFC 10-311] analyzing module ALU
INFO: [VRFC 10-2263] Analyzing SystemVerilog file "C:/Users/XPC/Desktop/TallerDigitales/Lab2/Eje5/Banco_Registros.sv" into library xil_defaultlib
INFO: [VRFC 10-311] analyzing module Banco_Registros
INFO: [VRFC 10-2263] Analyzing SystemVerilog file "C:/Users/XPC/Desktop/TallerDigitales/Lab2/Eje5/FSM.sv" into library xil_defaultlib
INFO: [VRFC 10-311] analyzing module fsm_mealy
INFO: [VRFC 10-2263] Analyzing SystemVerilog file "C:/Users/XPC/Desktop/TallerDigitales/Lab2/Eje5/LFSR.sv" into library xil_defaultlib
INFO: [VRFC 10-311] analyzing module Generator
INFO: [VRFC 10-2263] Analyzing SystemVerilog file "C:/Users/XPC/Desktop/TallerDigitales/Lab2/Eje5/Mux.sv" into library xil_defaultlib
INFO: [VRFC 10-311] analyzing module mux
INFO: [VRFC 10-2263] Analyzing SystemVerilog file "C:/Users/XPC/Desktop/TallerDigitales/Lab2/Eje5/Top.sv" into library xil_defaultlib
INFO: [VRFC 10-311] analyzing module TopFSM
INFO: [VRFC 10-2263] Analyzing SystemVerilog file "C:/Users/XPC/Desktop/TallerDigitales/Lab2/Eje5/Top_TB.sv" into library xil_defaultlib
INFO: [VRFC 10-311] analyzing module Top_TB
INFO: [USF-XSim-69] 'compile' step finished in '1' seconds
INFO: [USF-XSim-3] XSim::Elaborate design
INFO: [USF-XSim-61] Executing 'ELABORATE' step in 'C:/Users/XPC/Desktop/TallerDigitales/Lab2/Eje5/Eje5/Eje5.sim/sim_1/behav/xsim'
"xelab -wto eabd31bd93f9420790569f7ce51922da --incr --debug typical --relax --mt 2 -L xil_defaultlib -L unisims_ver -L unimacro_ver -L secureip --snapshot Top_TB_behav xil_defaultlib.Top_TB xil_defaultlib.glbl -log elaborate.log"
Vivado Simulator 2019.1
Copyright 1986-1999, 2001-2019 Xilinx, Inc. All Rights Reserved.
Running: E:/Vivado/Vivado/2019.1/bin/unwrapped/win64.o/xelab.exe -wto eabd31bd93f9420790569f7ce51922da --incr --debug typical --relax --mt 2 -L xil_defaultlib -L unisims_ver -L unimacro_ver -L secureip --snapshot Top_TB_behav xil_defaultlib.Top_TB xil_defaultlib.glbl -log elaborate.log 
Using 2 slave threads.
Starting static elaboration
Completed static elaboration
Starting simulation data flow analysis
WARNING: [XSIM 43-4099] "C:/Users/XPC/Desktop/TallerDigitales/Lab2/Eje5/Top.sv" Line 1. Module TopFSM doesn't have a timescale but at least one module in design has a timescale.
WARNING: [XSIM 43-4099] "C:/Users/XPC/Desktop/TallerDigitales/Lab2/Eje5/FSM.sv" Line 1. Module fsm_mealy doesn't have a timescale but at least one module in design has a timescale.
WARNING: [XSIM 43-4099] "C:/Users/XPC/Desktop/TallerDigitales/Lab2/Eje5/Banco_Registros.sv" Line 4. Module Banco_Registros doesn't have a timescale but at least one module in design has a timescale.
WARNING: [XSIM 43-4099] "C:/Users/XPC/Desktop/TallerDigitales/Lab2/Eje5/LFSR.sv" Line 3. Module Generator doesn't have a timescale but at least one module in design has a timescale.
WARNING: [XSIM 43-4099] "C:/Users/XPC/Desktop/TallerDigitales/Lab2/Eje5/Mux.sv" Line 1. Module mux doesn't have a timescale but at least one module in design has a timescale.
WARNING: [XSIM 43-4099] "C:/Users/XPC/Desktop/TallerDigitales/Lab2/Eje5/ALU.sv" Line 1. Module ALU doesn't have a timescale but at least one module in design has a timescale.
Completed simulation data flow analysis
Time Resolution for simulation is 1ps
Compiling module xil_defaultlib.fsm_mealy
Compiling module xil_defaultlib.Banco_Registros
Compiling module xil_defaultlib.Generator
Compiling module xil_defaultlib.mux
Compiling module xil_defaultlib.ALU
Compiling module xil_defaultlib.TopFSM
Compiling module xil_defaultlib.Top_TB
Compiling module xil_defaultlib.glbl
Built simulation snapshot Top_TB_behav
INFO: [USF-XSim-69] 'elaborate' step finished in '1' seconds
INFO: [USF-XSim-4] XSim::Simulate design
INFO: [USF-XSim-61] Executing 'SIMULATE' step in 'C:/Users/XPC/Desktop/TallerDigitales/Lab2/Eje5/Eje5/Eje5.sim/sim_1/behav/xsim'
INFO: [USF-XSim-98] *** Running xsim
   with args "Top_TB_behav -key {Behavioral:sim_1:Functional:Top_TB} -tclbatch {Top_TB.tcl} -log {simulate.log}"
INFO: [USF-XSim-8] Loading simulator feature
Vivado Simulator 2019.1
Time resolution is 1 ps
source Top_TB.tcl
# set curr_wave [current_wave_config]
# if { [string length $curr_wave] == 0 } {
#   if { [llength [get_objects]] > 0} {
#     add_wave /
#     set_property needs_save false [current_wave_config]
#   } else {
#      send_msg_id Add_Wave-1 WARNING "No top level signals found. Simulator will start without a wave window. If you want to open a wave window go to 'File->New Waveform Configuration' or type 'create_wave_config' in the TCL console."
#   }
# }
# run 1000ns
INFO: [USF-XSim-96] XSim completed. Design snapshot 'Top_TB_behav' loaded.
INFO: [USF-XSim-97] XSim simulation ran for 1000ns
launch_simulation: Time (s): cpu = 00:00:05 ; elapsed = 00:00:06 . Memory (MB): peak = 796.590 ; gain = 20.598
close_sim
INFO: [Simtcl 6-16] Simulation closed
launch_simulation
INFO: [Vivado 12-5682] Launching behavioral simulation in 'C:/Users/XPC/Desktop/TallerDigitales/Lab2/Eje5/Eje5/Eje5.sim/sim_1/behav/xsim'
INFO: [SIM-utils-51] Simulation object is 'sim_1'
INFO: [SIM-utils-54] Inspecting design source files for 'Top_TB' in fileset 'sim_1'...
INFO: [USF-XSim-97] Finding global include files...
INFO: [USF-XSim-98] Fetching design files from 'sim_1'...
INFO: [USF-XSim-2] XSim::Compile design
INFO: [USF-XSim-61] Executing 'COMPILE and ANALYZE' step in 'C:/Users/XPC/Desktop/TallerDigitales/Lab2/Eje5/Eje5/Eje5.sim/sim_1/behav/xsim'
"xvlog --incr --relax -prj Top_TB_vlog.prj"
INFO: [VRFC 10-2263] Analyzing SystemVerilog file "C:/Users/XPC/Desktop/TallerDigitales/Lab2/Eje5/ALU.sv" into library xil_defaultlib
INFO: [VRFC 10-311] analyzing module ALU
INFO: [VRFC 10-2263] Analyzing SystemVerilog file "C:/Users/XPC/Desktop/TallerDigitales/Lab2/Eje5/Banco_Registros.sv" into library xil_defaultlib
INFO: [VRFC 10-311] analyzing module Banco_Registros
INFO: [VRFC 10-2263] Analyzing SystemVerilog file "C:/Users/XPC/Desktop/TallerDigitales/Lab2/Eje5/FSM.sv" into library xil_defaultlib
INFO: [VRFC 10-311] analyzing module fsm_mealy
INFO: [VRFC 10-2263] Analyzing SystemVerilog file "C:/Users/XPC/Desktop/TallerDigitales/Lab2/Eje5/LFSR.sv" into library xil_defaultlib
INFO: [VRFC 10-311] analyzing module Generator
INFO: [VRFC 10-2263] Analyzing SystemVerilog file "C:/Users/XPC/Desktop/TallerDigitales/Lab2/Eje5/Mux.sv" into library xil_defaultlib
INFO: [VRFC 10-311] analyzing module mux
INFO: [VRFC 10-2263] Analyzing SystemVerilog file "C:/Users/XPC/Desktop/TallerDigitales/Lab2/Eje5/Top.sv" into library xil_defaultlib
INFO: [VRFC 10-311] analyzing module TopFSM
INFO: [VRFC 10-2263] Analyzing SystemVerilog file "C:/Users/XPC/Desktop/TallerDigitales/Lab2/Eje5/Top_TB.sv" into library xil_defaultlib
INFO: [VRFC 10-311] analyzing module Top_TB
INFO: [USF-XSim-69] 'compile' step finished in '1' seconds
INFO: [USF-XSim-3] XSim::Elaborate design
INFO: [USF-XSim-61] Executing 'ELABORATE' step in 'C:/Users/XPC/Desktop/TallerDigitales/Lab2/Eje5/Eje5/Eje5.sim/sim_1/behav/xsim'
"xelab -wto eabd31bd93f9420790569f7ce51922da --incr --debug typical --relax --mt 2 -L xil_defaultlib -L unisims_ver -L unimacro_ver -L secureip --snapshot Top_TB_behav xil_defaultlib.Top_TB xil_defaultlib.glbl -log elaborate.log"
Vivado Simulator 2019.1
Copyright 1986-1999, 2001-2019 Xilinx, Inc. All Rights Reserved.
Running: E:/Vivado/Vivado/2019.1/bin/unwrapped/win64.o/xelab.exe -wto eabd31bd93f9420790569f7ce51922da --incr --debug typical --relax --mt 2 -L xil_defaultlib -L unisims_ver -L unimacro_ver -L secureip --snapshot Top_TB_behav xil_defaultlib.Top_TB xil_defaultlib.glbl -log elaborate.log 
Using 2 slave threads.
Starting static elaboration
Completed static elaboration
Starting simulation data flow analysis
WARNING: [XSIM 43-4099] "C:/Users/XPC/Desktop/TallerDigitales/Lab2/Eje5/Top.sv" Line 1. Module TopFSM doesn't have a timescale but at least one module in design has a timescale.
WARNING: [XSIM 43-4099] "C:/Users/XPC/Desktop/TallerDigitales/Lab2/Eje5/FSM.sv" Line 1. Module fsm_mealy doesn't have a timescale but at least one module in design has a timescale.
WARNING: [XSIM 43-4099] "C:/Users/XPC/Desktop/TallerDigitales/Lab2/Eje5/Banco_Registros.sv" Line 4. Module Banco_Registros doesn't have a timescale but at least one module in design has a timescale.
WARNING: [XSIM 43-4099] "C:/Users/XPC/Desktop/TallerDigitales/Lab2/Eje5/LFSR.sv" Line 3. Module Generator doesn't have a timescale but at least one module in design has a timescale.
WARNING: [XSIM 43-4099] "C:/Users/XPC/Desktop/TallerDigitales/Lab2/Eje5/Mux.sv" Line 1. Module mux doesn't have a timescale but at least one module in design has a timescale.
WARNING: [XSIM 43-4099] "C:/Users/XPC/Desktop/TallerDigitales/Lab2/Eje5/ALU.sv" Line 1. Module ALU doesn't have a timescale but at least one module in design has a timescale.
Completed simulation data flow analysis
Time Resolution for simulation is 1ps
Compiling module xil_defaultlib.fsm_mealy
Compiling module xil_defaultlib.Banco_Registros
Compiling module xil_defaultlib.Generator
Compiling module xil_defaultlib.mux
Compiling module xil_defaultlib.ALU
Compiling module xil_defaultlib.TopFSM
Compiling module xil_defaultlib.Top_TB
Compiling module xil_defaultlib.glbl
Built simulation snapshot Top_TB_behav
INFO: [USF-XSim-69] 'elaborate' step finished in '2' seconds
INFO: [USF-XSim-4] XSim::Simulate design
INFO: [USF-XSim-61] Executing 'SIMULATE' step in 'C:/Users/XPC/Desktop/TallerDigitales/Lab2/Eje5/Eje5/Eje5.sim/sim_1/behav/xsim'
INFO: [USF-XSim-98] *** Running xsim
   with args "Top_TB_behav -key {Behavioral:sim_1:Functional:Top_TB} -tclbatch {Top_TB.tcl} -log {simulate.log}"
INFO: [USF-XSim-8] Loading simulator feature
Vivado Simulator 2019.1
Time resolution is 1 ps
source Top_TB.tcl
# set curr_wave [current_wave_config]
# if { [string length $curr_wave] == 0 } {
#   if { [llength [get_objects]] > 0} {
#     add_wave /
#     set_property needs_save false [current_wave_config]
#   } else {
#      send_msg_id Add_Wave-1 WARNING "No top level signals found. Simulator will start without a wave window. If you want to open a wave window go to 'File->New Waveform Configuration' or type 'create_wave_config' in the TCL console."
#   }
# }
# run 1000ns
INFO: [USF-XSim-96] XSim completed. Design snapshot 'Top_TB_behav' loaded.
INFO: [USF-XSim-97] XSim simulation ran for 1000ns
close_sim
INFO: [Simtcl 6-16] Simulation closed
exit
INFO: [Common 17-206] Exiting Vivado at Sun May 18 13:48:39 2025...
