#-----------------------------------------------------------
# Vivado v2019.1 (64-bit)
# SW Build 2552052 on Fri May 24 14:49:42 MDT 2019
# IP Build 2548770 on Fri May 24 18:01:18 MDT 2019
# Start of session at: Fri May 30 15:32:57 2025
# Process ID: 29808
# Current directory: C:/Users/XPC/Desktop/TallerDigitales/Lab1/Eje1/Ejercicio1
# Command line: vivado.exe -gui_launcher_event rodinguilauncherevent24308 C:\Users\XPC\Desktop\TallerDigitales\Lab1\Eje1\Ejercicio1\Ejercicio1.xpr
# Log file: C:/Users/XPC/Desktop/TallerDigitales/Lab1/Eje1/Ejercicio1/vivado.log
# Journal file: C:/Users/XPC/Desktop/TallerDigitales/Lab1/Eje1/Ejercicio1\vivado.jou
#-----------------------------------------------------------
start_gui
open_project C:/Users/XPC/Desktop/TallerDigitales/Lab1/Eje1/Ejercicio1/Ejercicio1.xpr
Scanning sources...
Finished scanning sources
INFO: [IP_Flow 19-234] Refreshing IP repositories
INFO: [IP_Flow 19-1704] No user IP repositories specified
INFO: [IP_Flow 19-2313] Loaded Vivado IP repository 'E:/Vivado/Vivado/2019.1/data/ip'.
update_compile_order -fileset sources_1
open_hw
reset_run synth_1
launch_runs synth_1 -jobs 6
[Fri May 30 15:33:55 2025] Launched synth_1...
Run output will be captured here: C:/Users/XPC/Desktop/TallerDigitales/Lab1/Eje1/Ejercicio1/Ejercicio1.runs/synth_1/runme.log
launch_runs impl_1 -jobs 6
[Fri May 30 15:34:21 2025] Launched impl_1...
Run output will be captured here: C:/Users/XPC/Desktop/TallerDigitales/Lab1/Eje1/Ejercicio1/Ejercicio1.runs/impl_1/runme.log
open_run impl_1
INFO: [Device 21-403] Loading part xc7a35tcpg236-1
INFO: [Project 1-479] Netlist was created with Vivado 2019.1
INFO: [Project 1-570] Preparing netlist for logic optimization
INFO: [Timing 38-478] Restoring timing data from binary archive.
INFO: [Timing 38-479] Binary timing data restore complete.
INFO: [Project 1-856] Restoring constraints from binary archive.
INFO: [Project 1-853] Binary constraint restore complete.
Reading XDEF placement.
Reading placer database...
Reading XDEF routing.
Read XDEF File: Time (s): cpu = 00:00:00 ; elapsed = 00:00:00.026 . Memory (MB): peak = 1632.301 ; gain = 0.000
Restored from archive | CPU: 0.000000 secs | Memory: 0.000000 MB |
Finished XDEF File Restore: Time (s): cpu = 00:00:00 ; elapsed = 00:00:00.026 . Memory (MB): peak = 1632.301 ; gain = 0.000
Netlist sorting complete. Time (s): cpu = 00:00:00 ; elapsed = 00:00:00 . Memory (MB): peak = 1632.301 ; gain = 0.000
INFO: [Project 1-111] Unisim Transformation Summary:
No Unisim elements were transformed.

open_run: Time (s): cpu = 00:00:16 ; elapsed = 00:00:14 . Memory (MB): peak = 1771.234 ; gain = 1016.785
WARNING: [Timing 38-313] There are no user specified timing constraints. Timing constraints are needed for proper timing analysis.
exit
INFO: [Common 17-206] Exiting Vivado at Fri May 30 15:35:42 2025...
