#-----------------------------------------------------------
# Vivado v2019.1 (64-bit)
# SW Build 2552052 on Fri May 24 14:49:42 MDT 2019
# IP Build 2548770 on Fri May 24 18:01:18 MDT 2019
# Start of session at: Tue May  6 11:54:25 2025
# Process ID: 24468
# Current directory: C:/Users/Oscar/Desktop/TallerDigitales/Lab2/Eje5/CntrlUnit
# Command line: vivado.exe -gui_launcher_event rodinguilauncherevent3732 C:\Users\Oscar\Desktop\TallerDigitales\Lab2\Eje5\CntrlUnit\CntrlUnit.xpr
# Log file: C:/Users/Oscar/Desktop/TallerDigitales/Lab2/Eje5/CntrlUnit/vivado.log
# Journal file: C:/Users/Oscar/Desktop/TallerDigitales/Lab2/Eje5/CntrlUnit\vivado.jou
#-----------------------------------------------------------
start_gui
open_project C:/Users/Oscar/Desktop/TallerDigitales/Lab2/Eje5/CntrlUnit/CntrlUnit.xpr
INFO: [Project 1-313] Project file moved from 'C:/Users/sdany/OneDrive/Documents/TallerDigitales/SystemVerilog/CntrlUnit' since last save.
Scanning sources...
Finished scanning sources
INFO: [IP_Flow 19-234] Refreshing IP repositories
INFO: [IP_Flow 19-1704] No user IP repositories specified
INFO: [IP_Flow 19-2313] Loaded Vivado IP repository 'C:/Xilinx/Vivado/2019.1/data/ip'.
open_project: Time (s): cpu = 00:00:08 ; elapsed = 00:00:07 . Memory (MB): peak = 669.043 ; gain = 83.668
update_compile_order -fileset sources_1
exit
INFO: [Common 17-206] Exiting Vivado at Tue May  6 12:00:48 2025...
