Vivado Simulator 2019.1
Time resolution is 1 ps
               20000: 00000000
               40000: 00000000
               60000: 00000000
               80000: 00000000
              100000: 21212121
              120000: 23232323
              140000: 00000000
              160000: 00000000
              180000: 00000000
              200000: 00000000
              220000: 44444444
              240000: fdfdfdfe
              260000: 21212121
              280000: 23232323
              300000: 00000000
              320000: 44444444
              340000: 44444444
              360000: 44444444
              380000: 44444444
              400000: 44444444
              420000: 44444444
              440000: 44444444
              460000: 44444444
              480000: 44444444
              500000: 44444444
              520000: 44444444
              540000: 44444444
              560000: 44444444
              580000: 44444444
              600000: 44444444
              620000: 44444444
$finish called at time : 640 ns : File "C:/Users/XPC/Desktop/TallerDigitales/Lab4/cpu2/cpu_tb.sv" Line 55
